<?xml version="1.0" encoding="UTF-8"?>
<!-- Generated by org.testng.reporters.JUnitReportReporter -->
<testsuite hostname="LAPTOP-I0PE52NF" failures="0" tests="1" name="Package1.ContactTest" time="0.014" errors="0" timestamp="2025-01-31T11:01:52 IST" skipped="0">
  <testcase classname="Package1.ContactTest" name="modifyContactTest" time="0.014"/>
</testsuite> <!-- Package1.ContactTest -->
