<?xml version="1.0" encoding="UTF-8"?>
<!-- Generated by org.testng.reporters.JUnitReportReporter -->
<testsuite hostname="LAPTOP-I0PE52NF" failures="0" tests="2" name="Package1.ContactTest" time="0.015" errors="0" timestamp="2025-01-31T19:19:30 IST" skipped="0">
  <testcase classname="Package1.ContactTest" name="createContactTest" time="0.015"/>
  <testcase classname="Package1.ContactTest" name="modifyContactTest" time="0.000"/>
</testsuite> <!-- Package1.ContactTest -->
